<?xml version="1.0" encoding="UTF-8"?>
<!-- Generated by org.testng.reporters.JUnitReportReporter -->
<testsuite hostname="DESKTOP-5I7TUV1" failures="0" tests="1" name="Course.Automation.UserUpdatedProfile" time="25.233" errors="0" timestamp="2021-09-14T11:00:43 IST" skipped="0">
  <testcase classname="Course.Automation.UserUpdatedProfile" name="LoginTest" time="25.233"/>
  <system-out/>
</testsuite> <!-- Course.Automation.UserUpdatedProfile -->
