<?xml version="1.0" encoding="UTF-8"?>
<!-- Generated by org.testng.reporters.JUnitReportReporter -->
<testsuite hostname="DESKTOP-5I7TUV1" failures="0" tests="1" name="Course.Automation.Badge" time="28.680" errors="0" timestamp="2021-09-14T13:58:50 IST" skipped="0">
  <testcase classname="Course.Automation.Badge" name="yash" time="28.680"/>
  <system-out/>
</testsuite> <!-- Course.Automation.Badge -->
