<?xml version="1.0" encoding="UTF-8"?>
<!-- Generated by org.testng.reporters.JUnitReportReporter -->
<testsuite hostname="DESKTOP-5I7TUV1" failures="0" tests="2" name="Course.Automation.Enroll" time="38.883" errors="0" timestamp="2021-09-14T17:58:24 IST" skipped="0">
  <testcase classname="Course.Automation.Enroll" name="checkLogin" time="28.221"/>
  <system-out/>
  <testcase classname="Course.Automation.Enroll" name="enroll" time="10.662"/>
  <system-out/>
</testsuite> <!-- Course.Automation.Enroll -->
