<?xml version="1.0" encoding="UTF-8"?>
<!-- Generated by org.testng.reporters.JUnitReportReporter -->
<testsuite hostname="DESKTOP-5I7TUV1" failures="0" tests="2" name="yas.Admin.CreateCourseTest" time="97.279" errors="0" timestamp="2021-09-14T17:08:49 IST" skipped="0">
  <testcase classname="yas.Admin.CreateCourseTest" name="checkLogin" time="5.990"/>
  <system-out/>
  <testcase classname="yas.Admin.CreateCourseTest" name="createCourse" time="91.289"/>
  <system-out/>
</testsuite> <!-- yas.Admin.CreateCourseTest -->
